mode: set
gostudy/container/nonrepeatingsubstr/nonrepeating.go:5.41,6.19 1 1
gostudy/container/nonrepeatingsubstr/nonrepeating.go:9.2,12.26 4 1
gostudy/container/nonrepeatingsubstr/nonrepeating.go:22.2,22.15 1 1
gostudy/container/nonrepeatingsubstr/nonrepeating.go:6.19,8.3 1 1
gostudy/container/nonrepeatingsubstr/nonrepeating.go:12.26,14.27 2 1
gostudy/container/nonrepeatingsubstr/nonrepeating.go:17.3,17.29 1 1
gostudy/container/nonrepeatingsubstr/nonrepeating.go:20.3,20.17 1 1
gostudy/container/nonrepeatingsubstr/nonrepeating.go:14.27,16.4 1 1
gostudy/container/nonrepeatingsubstr/nonrepeating.go:17.29,19.4 1 1
gostudy/container/nonrepeatingsubstr/nonrepeating.go:25.13,27.2 1 0
